[2021-02-26 09:08:21.918] ERROR [doPost] com.caacitc.esb.utils.HttpUtil.java:88 - HttpUtil - %%%% Sys mq connector Service %%%% unreached 
java.net.NoRouteToHostException: No route to host: connect
	at java.net.DualStackPlainSocketImpl.waitForConnect(Native Method)
	at java.net.DualStackPlainSocketImpl.socketConnect(DualStackPlainSocketImpl.java:85)
	at java.net.AbstractPlainSocketImpl.doConnect(AbstractPlainSocketImpl.java:350)
	at java.net.AbstractPlainSocketImpl.connectToAddress(AbstractPlainSocketImpl.java:206)
	at java.net.AbstractPlainSocketImpl.connect(AbstractPlainSocketImpl.java:188)
	at java.net.PlainSocketImpl.connect(PlainSocketImpl.java:172)
	at java.net.SocksSocketImpl.connect(SocksSocketImpl.java:392)
	at java.net.Socket.connect(Socket.java:589)
	at sun.net.NetworkClient.doConnect(NetworkClient.java:175)
	at sun.net.www.http.HttpClient.openServer(HttpClient.java:432)
	at sun.net.www.http.HttpClient.openServer(HttpClient.java:527)
	at sun.net.www.http.HttpClient.<init>(HttpClient.java:211)
	at sun.net.www.http.HttpClient.New(HttpClient.java:308)
	at sun.net.www.http.HttpClient.New(HttpClient.java:326)
	at sun.net.www.protocol.http.HttpURLConnection.getNewHttpClient(HttpURLConnection.java:1169)
	at sun.net.www.protocol.http.HttpURLConnection.plainConnect0(HttpURLConnection.java:1105)
	at sun.net.www.protocol.http.HttpURLConnection.plainConnect(HttpURLConnection.java:999)
	at sun.net.www.protocol.http.HttpURLConnection.connect(HttpURLConnection.java:933)
	at sun.net.www.protocol.http.HttpURLConnection.getOutputStream0(HttpURLConnection.java:1283)
	at sun.net.www.protocol.http.HttpURLConnection.getOutputStream(HttpURLConnection.java:1258)
	at com.caacitc.esb.utils.HttpUtil.doPost(HttpUtil.java:66)
	at com.caacitc.esb.service.impl.DefaultEsbClientService.init(DefaultEsbClientService.java:49)
	at com.caacitc.esb.service.EsbClientInitialize.initializeSdkClient(EsbClientInitialize.java:92)
	at com.caacitc.esb.client.EsbClient.consumer(EsbClient.java:336)
	at com.caacitc.esb.client.EsbClient.consumer(EsbClient.java:311)
	at com.task.ScheduleTask.run(ScheduleTask.java:26)
	at java.lang.Thread.run(Thread.java:745)
[2021-02-26 09:08:21.920] ERROR [init] com.caacitc.esb.service.impl.DefaultEsbClientService.java:52 - init () DefaultEsbClientService, failed to call Sys mq connector api, error java.net.NoRouteToHostException: No route to host: connect
[2021-02-26 11:28:29.616] ERROR [doPost] com.caacitc.esb.utils.HttpUtil.java:88 - HttpUtil - %%%% Sys mq connector Service %%%% unreached 
java.net.SocketTimeoutException: connect timed out
	at java.net.DualStackPlainSocketImpl.waitForConnect(Native Method)
	at java.net.DualStackPlainSocketImpl.socketConnect(DualStackPlainSocketImpl.java:85)
	at java.net.AbstractPlainSocketImpl.doConnect(AbstractPlainSocketImpl.java:350)
	at java.net.AbstractPlainSocketImpl.connectToAddress(AbstractPlainSocketImpl.java:206)
	at java.net.AbstractPlainSocketImpl.connect(AbstractPlainSocketImpl.java:188)
	at java.net.PlainSocketImpl.connect(PlainSocketImpl.java:172)
	at java.net.SocksSocketImpl.connect(SocksSocketImpl.java:392)
	at java.net.Socket.connect(Socket.java:589)
	at sun.net.NetworkClient.doConnect(NetworkClient.java:175)
	at sun.net.www.http.HttpClient.openServer(HttpClient.java:432)
	at sun.net.www.http.HttpClient.openServer(HttpClient.java:527)
	at sun.net.www.http.HttpClient.<init>(HttpClient.java:211)
	at sun.net.www.http.HttpClient.New(HttpClient.java:308)
	at sun.net.www.http.HttpClient.New(HttpClient.java:326)
	at sun.net.www.protocol.http.HttpURLConnection.getNewHttpClient(HttpURLConnection.java:1169)
	at sun.net.www.protocol.http.HttpURLConnection.plainConnect0(HttpURLConnection.java:1105)
	at sun.net.www.protocol.http.HttpURLConnection.plainConnect(HttpURLConnection.java:999)
	at sun.net.www.protocol.http.HttpURLConnection.connect(HttpURLConnection.java:933)
	at sun.net.www.protocol.http.HttpURLConnection.getOutputStream0(HttpURLConnection.java:1283)
	at sun.net.www.protocol.http.HttpURLConnection.getOutputStream(HttpURLConnection.java:1258)
	at com.caacitc.esb.utils.HttpUtil.doPost(HttpUtil.java:66)
	at com.caacitc.esb.service.impl.DefaultEsbClientService.init(DefaultEsbClientService.java:49)
	at com.caacitc.esb.service.EsbClientInitialize.initializeSdkClient(EsbClientInitialize.java:92)
	at com.caacitc.esb.client.EsbClient.consumer(EsbClient.java:336)
	at com.caacitc.esb.client.EsbClient.consumer(EsbClient.java:311)
	at com.task.ScheduleTask.run(ScheduleTask.java:26)
	at java.lang.Thread.run(Thread.java:745)
[2021-02-26 11:28:29.618] ERROR [init] com.caacitc.esb.service.impl.DefaultEsbClientService.java:52 - init () DefaultEsbClientService, failed to call Sys mq connector api, error java.net.SocketTimeoutException: connect timed out
[2021-02-26 11:28:41.334] ERROR [doPost] com.caacitc.esb.utils.HttpUtil.java:88 - HttpUtil - %%%% Sys type and producer Mapping Service %%%% unreached 
java.net.SocketTimeoutException: connect timed out
	at java.net.DualStackPlainSocketImpl.waitForConnect(Native Method)
	at java.net.DualStackPlainSocketImpl.socketConnect(DualStackPlainSocketImpl.java:85)
	at java.net.AbstractPlainSocketImpl.doConnect(AbstractPlainSocketImpl.java:350)
	at java.net.AbstractPlainSocketImpl.connectToAddress(AbstractPlainSocketImpl.java:206)
	at java.net.AbstractPlainSocketImpl.connect(AbstractPlainSocketImpl.java:188)
	at java.net.PlainSocketImpl.connect(PlainSocketImpl.java:172)
	at java.net.SocksSocketImpl.connect(SocksSocketImpl.java:392)
	at java.net.Socket.connect(Socket.java:589)
	at sun.net.NetworkClient.doConnect(NetworkClient.java:175)
	at sun.net.www.http.HttpClient.openServer(HttpClient.java:432)
	at sun.net.www.http.HttpClient.openServer(HttpClient.java:527)
	at sun.net.www.http.HttpClient.<init>(HttpClient.java:211)
	at sun.net.www.http.HttpClient.New(HttpClient.java:308)
	at sun.net.www.http.HttpClient.New(HttpClient.java:326)
	at sun.net.www.protocol.http.HttpURLConnection.getNewHttpClient(HttpURLConnection.java:1169)
	at sun.net.www.protocol.http.HttpURLConnection.plainConnect0(HttpURLConnection.java:1105)
	at sun.net.www.protocol.http.HttpURLConnection.plainConnect(HttpURLConnection.java:999)
	at sun.net.www.protocol.http.HttpURLConnection.connect(HttpURLConnection.java:933)
	at sun.net.www.protocol.http.HttpURLConnection.getInputStream0(HttpURLConnection.java:1513)
	at sun.net.www.protocol.http.HttpURLConnection.getInputStream(HttpURLConnection.java:1441)
	at java.net.HttpURLConnection.getResponseCode(HttpURLConnection.java:480)
	at com.caacitc.esb.utils.HttpUtil.doPost(HttpUtil.java:72)
	at com.caacitc.esb.service.EsbClientInitialize.initTypeAndProducerMapping(EsbClientInitialize.java:56)
	at com.caacitc.esb.client.EsbClient.producer(EsbClient.java:64)
	at com.caacitc.esb.client.EsbClient.producer(EsbClient.java:49)
	at com.task.ScheduleTask.run(ScheduleTask.java:74)
	at java.lang.Thread.run(Thread.java:745)
[2021-02-26 11:28:41.335] ERROR [initTypeAndProducerMapping] com.caacitc.esb.service.EsbClientInitialize.java:58 - init () SdkClientInitialize, failed to call Sys type producer mapping api, error java.net.SocketTimeoutException: connect timed out
[2021-02-26 11:30:05.539] ERROR [doPost] com.caacitc.esb.utils.HttpUtil.java:88 - HttpUtil - %%%% Sys mq connector Service %%%% unreached 
java.net.SocketTimeoutException: connect timed out
	at java.net.DualStackPlainSocketImpl.waitForConnect(Native Method)
	at java.net.DualStackPlainSocketImpl.socketConnect(DualStackPlainSocketImpl.java:85)
	at java.net.AbstractPlainSocketImpl.doConnect(AbstractPlainSocketImpl.java:350)
	at java.net.AbstractPlainSocketImpl.connectToAddress(AbstractPlainSocketImpl.java:206)
	at java.net.AbstractPlainSocketImpl.connect(AbstractPlainSocketImpl.java:188)
	at java.net.PlainSocketImpl.connect(PlainSocketImpl.java:172)
	at java.net.SocksSocketImpl.connect(SocksSocketImpl.java:392)
	at java.net.Socket.connect(Socket.java:589)
	at sun.net.NetworkClient.doConnect(NetworkClient.java:175)
	at sun.net.www.http.HttpClient.openServer(HttpClient.java:432)
	at sun.net.www.http.HttpClient.openServer(HttpClient.java:527)
	at sun.net.www.http.HttpClient.<init>(HttpClient.java:211)
	at sun.net.www.http.HttpClient.New(HttpClient.java:308)
	at sun.net.www.http.HttpClient.New(HttpClient.java:326)
	at sun.net.www.protocol.http.HttpURLConnection.getNewHttpClient(HttpURLConnection.java:1169)
	at sun.net.www.protocol.http.HttpURLConnection.plainConnect0(HttpURLConnection.java:1105)
	at sun.net.www.protocol.http.HttpURLConnection.plainConnect(HttpURLConnection.java:999)
	at sun.net.www.protocol.http.HttpURLConnection.connect(HttpURLConnection.java:933)
	at sun.net.www.protocol.http.HttpURLConnection.getOutputStream0(HttpURLConnection.java:1283)
	at sun.net.www.protocol.http.HttpURLConnection.getOutputStream(HttpURLConnection.java:1258)
	at com.caacitc.esb.utils.HttpUtil.doPost(HttpUtil.java:66)
	at com.caacitc.esb.service.impl.DefaultEsbClientService.init(DefaultEsbClientService.java:49)
	at com.caacitc.esb.service.EsbClientInitialize.initializeSdkClient(EsbClientInitialize.java:92)
	at com.caacitc.esb.client.EsbClient.consumer(EsbClient.java:336)
	at com.caacitc.esb.client.EsbClient.consumer(EsbClient.java:311)
	at com.task.ScheduleTask.run(ScheduleTask.java:26)
	at java.lang.Thread.run(Thread.java:745)
[2021-02-26 11:30:05.540] ERROR [init] com.caacitc.esb.service.impl.DefaultEsbClientService.java:52 - init () DefaultEsbClientService, failed to call Sys mq connector api, error java.net.SocketTimeoutException: connect timed out
[2021-02-26 11:30:17.346] ERROR [doPost] com.caacitc.esb.utils.HttpUtil.java:88 - HttpUtil - %%%% Sys type and producer Mapping Service %%%% unreached 
java.net.SocketTimeoutException: connect timed out
	at java.net.DualStackPlainSocketImpl.waitForConnect(Native Method)
	at java.net.DualStackPlainSocketImpl.socketConnect(DualStackPlainSocketImpl.java:85)
	at java.net.AbstractPlainSocketImpl.doConnect(AbstractPlainSocketImpl.java:350)
	at java.net.AbstractPlainSocketImpl.connectToAddress(AbstractPlainSocketImpl.java:206)
	at java.net.AbstractPlainSocketImpl.connect(AbstractPlainSocketImpl.java:188)
	at java.net.PlainSocketImpl.connect(PlainSocketImpl.java:172)
	at java.net.SocksSocketImpl.connect(SocksSocketImpl.java:392)
	at java.net.Socket.connect(Socket.java:589)
	at sun.net.NetworkClient.doConnect(NetworkClient.java:175)
	at sun.net.www.http.HttpClient.openServer(HttpClient.java:432)
	at sun.net.www.http.HttpClient.openServer(HttpClient.java:527)
	at sun.net.www.http.HttpClient.<init>(HttpClient.java:211)
	at sun.net.www.http.HttpClient.New(HttpClient.java:308)
	at sun.net.www.http.HttpClient.New(HttpClient.java:326)
	at sun.net.www.protocol.http.HttpURLConnection.getNewHttpClient(HttpURLConnection.java:1169)
	at sun.net.www.protocol.http.HttpURLConnection.plainConnect0(HttpURLConnection.java:1105)
	at sun.net.www.protocol.http.HttpURLConnection.plainConnect(HttpURLConnection.java:999)
	at sun.net.www.protocol.http.HttpURLConnection.connect(HttpURLConnection.java:933)
	at sun.net.www.protocol.http.HttpURLConnection.getInputStream0(HttpURLConnection.java:1513)
	at sun.net.www.protocol.http.HttpURLConnection.getInputStream(HttpURLConnection.java:1441)
	at java.net.HttpURLConnection.getResponseCode(HttpURLConnection.java:480)
	at com.caacitc.esb.utils.HttpUtil.doPost(HttpUtil.java:72)
	at com.caacitc.esb.service.EsbClientInitialize.initTypeAndProducerMapping(EsbClientInitialize.java:56)
	at com.caacitc.esb.client.EsbClient.producer(EsbClient.java:64)
	at com.caacitc.esb.client.EsbClient.producer(EsbClient.java:49)
	at com.task.ScheduleTask.run(ScheduleTask.java:74)
	at java.lang.Thread.run(Thread.java:745)
[2021-02-26 11:30:17.347] ERROR [initTypeAndProducerMapping] com.caacitc.esb.service.EsbClientInitialize.java:58 - init () SdkClientInitialize, failed to call Sys type producer mapping api, error java.net.SocketTimeoutException: connect timed out
[2021-02-26 11:32:07.048] ERROR [doPost] com.caacitc.esb.utils.HttpUtil.java:88 - HttpUtil - %%%% Sys type and producer Mapping Service %%%% unreached 
java.net.SocketTimeoutException: connect timed out
	at java.net.DualStackPlainSocketImpl.waitForConnect(Native Method)
	at java.net.DualStackPlainSocketImpl.socketConnect(DualStackPlainSocketImpl.java:85)
	at java.net.AbstractPlainSocketImpl.doConnect(AbstractPlainSocketImpl.java:350)
	at java.net.AbstractPlainSocketImpl.connectToAddress(AbstractPlainSocketImpl.java:206)
	at java.net.AbstractPlainSocketImpl.connect(AbstractPlainSocketImpl.java:188)
	at java.net.PlainSocketImpl.connect(PlainSocketImpl.java:172)
	at java.net.SocksSocketImpl.connect(SocksSocketImpl.java:392)
	at java.net.Socket.connect(Socket.java:589)
	at sun.net.NetworkClient.doConnect(NetworkClient.java:175)
	at sun.net.www.http.HttpClient.openServer(HttpClient.java:432)
	at sun.net.www.http.HttpClient.openServer(HttpClient.java:527)
	at sun.net.www.http.HttpClient.<init>(HttpClient.java:211)
	at sun.net.www.http.HttpClient.New(HttpClient.java:308)
	at sun.net.www.http.HttpClient.New(HttpClient.java:326)
	at sun.net.www.protocol.http.HttpURLConnection.getNewHttpClient(HttpURLConnection.java:1169)
	at sun.net.www.protocol.http.HttpURLConnection.plainConnect0(HttpURLConnection.java:1105)
	at sun.net.www.protocol.http.HttpURLConnection.plainConnect(HttpURLConnection.java:999)
	at sun.net.www.protocol.http.HttpURLConnection.connect(HttpURLConnection.java:933)
	at sun.net.www.protocol.http.HttpURLConnection.getInputStream0(HttpURLConnection.java:1513)
	at sun.net.www.protocol.http.HttpURLConnection.getInputStream(HttpURLConnection.java:1441)
	at java.net.HttpURLConnection.getResponseCode(HttpURLConnection.java:480)
	at com.caacitc.esb.utils.HttpUtil.doPost(HttpUtil.java:72)
	at com.caacitc.esb.service.EsbClientInitialize.initTypeAndProducerMapping(EsbClientInitialize.java:56)
	at com.caacitc.esb.client.EsbClient.producer(EsbClient.java:64)
	at com.caacitc.esb.client.EsbClient.producer(EsbClient.java:49)
	at com.task.ScheduleTask.run(ScheduleTask.java:74)
	at java.lang.Thread.run(Thread.java:745)
[2021-02-26 11:32:07.049] ERROR [initTypeAndProducerMapping] com.caacitc.esb.service.EsbClientInitialize.java:58 - init () SdkClientInitialize, failed to call Sys type producer mapping api, error java.net.SocketTimeoutException: connect timed out
[2021-02-26 11:35:00.291] ERROR [doPost] com.caacitc.esb.utils.HttpUtil.java:88 - HttpUtil - %%%% Sys mq connector Service %%%% unreached 
java.net.SocketTimeoutException: connect timed out
	at java.net.DualStackPlainSocketImpl.waitForConnect(Native Method)
	at java.net.DualStackPlainSocketImpl.socketConnect(DualStackPlainSocketImpl.java:85)
	at java.net.AbstractPlainSocketImpl.doConnect(AbstractPlainSocketImpl.java:350)
	at java.net.AbstractPlainSocketImpl.connectToAddress(AbstractPlainSocketImpl.java:206)
	at java.net.AbstractPlainSocketImpl.connect(AbstractPlainSocketImpl.java:188)
	at java.net.PlainSocketImpl.connect(PlainSocketImpl.java:172)
	at java.net.SocksSocketImpl.connect(SocksSocketImpl.java:392)
	at java.net.Socket.connect(Socket.java:589)
	at sun.net.NetworkClient.doConnect(NetworkClient.java:175)
	at sun.net.www.http.HttpClient.openServer(HttpClient.java:432)
	at sun.net.www.http.HttpClient.openServer(HttpClient.java:527)
	at sun.net.www.http.HttpClient.<init>(HttpClient.java:211)
	at sun.net.www.http.HttpClient.New(HttpClient.java:308)
	at sun.net.www.http.HttpClient.New(HttpClient.java:326)
	at sun.net.www.protocol.http.HttpURLConnection.getNewHttpClient(HttpURLConnection.java:1169)
	at sun.net.www.protocol.http.HttpURLConnection.plainConnect0(HttpURLConnection.java:1105)
	at sun.net.www.protocol.http.HttpURLConnection.plainConnect(HttpURLConnection.java:999)
	at sun.net.www.protocol.http.HttpURLConnection.connect(HttpURLConnection.java:933)
	at sun.net.www.protocol.http.HttpURLConnection.getOutputStream0(HttpURLConnection.java:1283)
	at sun.net.www.protocol.http.HttpURLConnection.getOutputStream(HttpURLConnection.java:1258)
	at com.caacitc.esb.utils.HttpUtil.doPost(HttpUtil.java:66)
	at com.caacitc.esb.service.impl.DefaultEsbClientService.init(DefaultEsbClientService.java:49)
	at com.caacitc.esb.service.EsbClientInitialize.initializeSdkClient(EsbClientInitialize.java:92)
	at com.caacitc.esb.client.EsbClient.consumer(EsbClient.java:336)
	at com.caacitc.esb.client.EsbClient.consumer(EsbClient.java:311)
	at com.task.ScheduleTask.run(ScheduleTask.java:26)
	at java.lang.Thread.run(Thread.java:745)
[2021-02-26 11:35:00.292] ERROR [init] com.caacitc.esb.service.impl.DefaultEsbClientService.java:52 - init () DefaultEsbClientService, failed to call Sys mq connector api, error java.net.SocketTimeoutException: connect timed out
[2021-02-26 11:35:11.816] ERROR [doPost] com.caacitc.esb.utils.HttpUtil.java:88 - HttpUtil - %%%% Sys type and producer Mapping Service %%%% unreached 
java.net.SocketTimeoutException: connect timed out
	at java.net.DualStackPlainSocketImpl.waitForConnect(Native Method)
	at java.net.DualStackPlainSocketImpl.socketConnect(DualStackPlainSocketImpl.java:85)
	at java.net.AbstractPlainSocketImpl.doConnect(AbstractPlainSocketImpl.java:350)
	at java.net.AbstractPlainSocketImpl.connectToAddress(AbstractPlainSocketImpl.java:206)
	at java.net.AbstractPlainSocketImpl.connect(AbstractPlainSocketImpl.java:188)
	at java.net.PlainSocketImpl.connect(PlainSocketImpl.java:172)
	at java.net.SocksSocketImpl.connect(SocksSocketImpl.java:392)
	at java.net.Socket.connect(Socket.java:589)
	at sun.net.NetworkClient.doConnect(NetworkClient.java:175)
	at sun.net.www.http.HttpClient.openServer(HttpClient.java:432)
	at sun.net.www.http.HttpClient.openServer(HttpClient.java:527)
	at sun.net.www.http.HttpClient.<init>(HttpClient.java:211)
	at sun.net.www.http.HttpClient.New(HttpClient.java:308)
	at sun.net.www.http.HttpClient.New(HttpClient.java:326)
	at sun.net.www.protocol.http.HttpURLConnection.getNewHttpClient(HttpURLConnection.java:1169)
	at sun.net.www.protocol.http.HttpURLConnection.plainConnect0(HttpURLConnection.java:1105)
	at sun.net.www.protocol.http.HttpURLConnection.plainConnect(HttpURLConnection.java:999)
	at sun.net.www.protocol.http.HttpURLConnection.connect(HttpURLConnection.java:933)
	at sun.net.www.protocol.http.HttpURLConnection.getInputStream0(HttpURLConnection.java:1513)
	at sun.net.www.protocol.http.HttpURLConnection.getInputStream(HttpURLConnection.java:1441)
	at java.net.HttpURLConnection.getResponseCode(HttpURLConnection.java:480)
	at com.caacitc.esb.utils.HttpUtil.doPost(HttpUtil.java:72)
	at com.caacitc.esb.service.EsbClientInitialize.initTypeAndProducerMapping(EsbClientInitialize.java:56)
	at com.caacitc.esb.client.EsbClient.producer(EsbClient.java:64)
	at com.caacitc.esb.client.EsbClient.producer(EsbClient.java:49)
	at com.task.ScheduleTask.run(ScheduleTask.java:74)
	at java.lang.Thread.run(Thread.java:745)
[2021-02-26 11:35:11.817] ERROR [initTypeAndProducerMapping] com.caacitc.esb.service.EsbClientInitialize.java:58 - init () SdkClientInitialize, failed to call Sys type producer mapping api, error java.net.SocketTimeoutException: connect timed out
